<?xml version="1.0" encoding="UTF-8"?>
<!-- Generated by org.testng.reporters.JUnitXMLReporter -->
<testsuite ignored="0" hostname="LTIN144522" failures="0" tests="4" name="Default test" time="49.27" errors="0" timestamp="2023-06-19T17:30:29 IST">
  <testcase classname="testCases.TestCase" name="testOne" time="3.654"/>
  <testcase classname="testCases.TestCase" name="testTwo" time="24.004"/>
  <testcase classname="testCases.TestCase" name="testThree" time="0.679"/>
  <testcase classname="testCases.TestCase" name="testFour" time="20.815"/>
</testsuite> <!-- Default test -->
